<?xml version="1.0" encoding="UTF-8"?>
<!-- Generated by org.testng.reporters.JUnitXMLReporter -->
<testsuite ignored="0" hostname="LAPTOP-9J7G2HQJ" failures="0" tests="2" name="Default test" time="0.079" errors="0" timestamp="2024-04-26T07:26:06 IST">
  <testcase classname="testNgClasses.VerifyAllElentsOnHomepageAreClickableOrNot" name="@BeforeTest beforeTest" time="-1.714096566713E9">
    <failure type="org.testng.TestNGException" message="
Parameter &amp;apos;browser&amp;apos; is required by BeforeTest on method beforeTest but has not been marked @Optional or defined
in C:\Users\Vijay Dhotre\AppData\Local\Temp\testng-eclipse--338932776\testng-customsuite.xml">
      <![CDATA[org.testng.TestNGException: 
Parameter 'browser' is required by BeforeTest on method beforeTest but has not been marked @Optional or defined
in C:\Users\Vijay Dhotre\AppData\Local\Temp\testng-eclipse--338932776\testng-customsuite.xml
at org.testng.internal.Parameters.createParams(Parameters.java:270)
at org.testng.internal.Parameters.createParametersForMethod(Parameters.java:358)
at org.testng.internal.Parameters.createParameters(Parameters.java:700)
at org.testng.internal.Parameters.createConfigurationParameters(Parameters.java:168)
at org.testng.internal.ConfigInvoker.invokeConfigurations(ConfigInvoker.java:302)
at org.testng.TestRunner.invokeTestConfigurations(TestRunner.java:637)
at org.testng.TestRunner.beforeRun(TestRunner.java:627)
at org.testng.TestRunner.run(TestRunner.java:589)
at org.testng.SuiteRunner.runTest(SuiteRunner.java:377)
at org.testng.SuiteRunner.runSequentially(SuiteRunner.java:371)
at org.testng.SuiteRunner.privateRun(SuiteRunner.java:332)
at org.testng.SuiteRunner.run(SuiteRunner.java:276)
at org.testng.SuiteRunnerWorker.runSuite(SuiteRunnerWorker.java:53)
at org.testng.SuiteRunnerWorker.run(SuiteRunnerWorker.java:96)
at org.testng.TestNG.runSuitesSequentially(TestNG.java:1212)
at org.testng.TestNG.runSuitesLocally(TestNG.java:1134)
at org.testng.TestNG.runSuites(TestNG.java:1063)
at org.testng.TestNG.run(TestNG.java:1031)
at org.testng.remote.AbstractRemoteTestNG.run(AbstractRemoteTestNG.java:115)
at org.testng.remote.RemoteTestNG.initAndRun(RemoteTestNG.java:251)
at org.testng.remote.RemoteTestNG.main(RemoteTestNG.java:77)
]]>
    </failure>
  </testcase> <!-- @BeforeTest beforeTest -->
  <testcase classname="testNgClasses.VerifyAllElentsOnHomepageAreClickableOrNot" name="@BeforeClass beforeClass" time="-1.714096566733E9">
    <skipped/>
  </testcase> <!-- @BeforeClass beforeClass -->
  <testcase classname="testNgClasses.VerifyAllElentsOnHomepageAreClickableOrNot" name="@BeforeMethod beforeMehtod" time="-1.714096566749E9">
    <skipped/>
  </testcase> <!-- @BeforeMethod beforeMehtod -->
  <testcase classname="testNgClasses.VerifyAllElentsOnHomepageAreClickableOrNot" name="@AfterMethod afterMehtod" time="-1.714096566757E9">
    <skipped/>
  </testcase> <!-- @AfterMethod afterMehtod -->
  <testcase classname="testNgClasses.VerifyAllElentsOnHomepageAreClickableOrNot" name="@BeforeMethod beforeMehtod" time="-1.714096566759E9">
    <skipped/>
  </testcase> <!-- @BeforeMethod beforeMehtod -->
  <testcase classname="testNgClasses.VerifyAllElentsOnHomepageAreClickableOrNot" name="@AfterMethod afterMehtod" time="-1.714096566765E9">
    <skipped/>
  </testcase> <!-- @AfterMethod afterMehtod -->
  <testcase classname="testNgClasses.VerifyAllElentsOnHomepageAreClickableOrNot" name="@AfterClass afterClass" time="-1.714096566768E9">
    <skipped/>
  </testcase> <!-- @AfterClass afterClass -->
  <testcase classname="testNgClasses.VerifyAllElentsOnHomepageAreClickableOrNot" name="@AfterTest closeBrowser" time="-1.71409656678E9">
    <skipped/>
  </testcase> <!-- @AfterTest closeBrowser -->
  <testcase classname="testNgClasses.VerifyAllElentsOnHomepageAreClickableOrNot" name="test1" time="0.0">
    <skipped/>
  </testcase> <!-- test1 -->
  <testcase classname="testNgClasses.VerifyAllElentsOnHomepageAreClickableOrNot" name="test2" time="0.0">
    <skipped/>
  </testcase> <!-- test2 -->
</testsuite> <!-- Default test -->
